[0.021s] Invoking command in '/home/francesco/multi_user_backup_for_final/build/azure_kinect_ros_driver': CMAKE_PREFIX_PATH=${CMAKE_PREFIX_PATH}:/home/francesco/ws_moveit2/install/moveit_configs_utils:/home/francesco/ws_moveit2/install/launch_param_builder:/opt/ros/humble /usr/bin/cmake --build /home/francesco/multi_user_backup_for_final/build/azure_kinect_ros_driver -- -j12 -l12
[0.103s] [ 80%] [32mBuilding CXX object CMakeFiles/azure_kinect_ros_driver_node.dir/src/k4a_ros_device_params.cpp.o[0m
[0.103s] [ 80%] [32mBuilding CXX object CMakeFiles/azure_kinect_ros_driver_node.dir/src/k4a_calibration_transform_data.cpp.o[0m
[0.103s] [ 80%] [32mBuilding CXX object CMakeFiles/azure_kinect_ros_driver_node.dir/src/k4a_ros_bridge_node.cpp.o[0m
[0.103s] [ 80%] [32mBuilding CXX object CMakeFiles/azure_kinect_ros_driver_node.dir/src/k4a_ros_device.cpp.o[0m
[0.430s] [01m[K/home/francesco/multi_user_backup_for_final/src/Azure_Kinect_ROS_Driver/src/k4a_calibration_transform_data.cpp:14:10:[m[K [01;31m[Kfatal error: [m[Kangles/angles.h: No such file or directory
[0.430s]    14 | #include [01;31m[K<angles/angles.h>[m[K
[0.430s]       |          [01;31m[K^~~~~~~~~~~~~~~~~[m[K
[0.430s] compilation terminated.
[0.440s] gmake[2]: *** [CMakeFiles/azure_kinect_ros_driver_node.dir/build.make:118: CMakeFiles/azure_kinect_ros_driver_node.dir/src/k4a_calibration_transform_data.cpp.o] Error 1
[0.440s] gmake[2]: *** Waiting for unfinished jobs....
[0.441s] [01m[K/home/francesco/multi_user_backup_for_final/src/Azure_Kinect_ROS_Driver/src/k4a_ros_device.cpp:16:10:[m[K [01;31m[Kfatal error: [m[Kangles/angles.h: No such file or directory
[0.441s]    16 | #include [01;31m[K<angles/angles.h>[m[K
[0.441s]       |          [01;31m[K^~~~~~~~~~~~~~~~~[m[K
[0.441s] compilation terminated.
[0.445s] gmake[2]: *** [CMakeFiles/azure_kinect_ros_driver_node.dir/build.make:90: CMakeFiles/azure_kinect_ros_driver_node.dir/src/k4a_ros_device.cpp.o] Error 1
[3.306s] gmake[1]: *** [CMakeFiles/Makefile2:137: CMakeFiles/azure_kinect_ros_driver_node.dir/all] Error 2
[3.306s] gmake: *** [Makefile:146: all] Error 2
[3.309s] Invoked command in '/home/francesco/multi_user_backup_for_final/build/azure_kinect_ros_driver' returned '2': CMAKE_PREFIX_PATH=${CMAKE_PREFIX_PATH}:/home/francesco/ws_moveit2/install/moveit_configs_utils:/home/francesco/ws_moveit2/install/launch_param_builder:/opt/ros/humble /usr/bin/cmake --build /home/francesco/multi_user_backup_for_final/build/azure_kinect_ros_driver -- -j12 -l12
